<?xml version="1.0" encoding="UTF-8"?>
<!-- Generated by org.testng.reporters.JUnitReportReporter -->
<testsuite hostname="DESKTOP-JCSH58D" failures="0" tests="2" name="test.TC001_SignupTest" time="24.872" errors="0" timestamp="2025-03-28T21:07:52 IST" skipped="0">
  <testcase classname="test.TC001_SignupTest" name="signupTest" time="12.338"/>
  <testcase classname="test.TC001_SignupTest" name="signupTest" time="12.534"/>
</testsuite> <!-- test.TC001_SignupTest -->
